Linked: (/home/ujang/VisionProject/devel/.private/vision/share/common-lisp/ros/vision/msg/_package_pub_correction.lisp, /home/ujang/VisionProject/devel/share/common-lisp/ros/vision/msg/_package_pub_correction.lisp)
Linked: (/home/ujang/VisionProject/devel/.private/vision/share/common-lisp/ros/vision/msg/pub_robomni.lisp, /home/ujang/VisionProject/devel/share/common-lisp/ros/vision/msg/pub_robomni.lisp)
Linked: (/home/ujang/VisionProject/devel/.private/vision/share/common-lisp/ros/vision/msg/pub_correction.lisp, /home/ujang/VisionProject/devel/share/common-lisp/ros/vision/msg/pub_correction.lisp)
Linked: (/home/ujang/VisionProject/devel/.private/vision/share/common-lisp/ros/vision/msg/_package_pub_goalomni.lisp, /home/ujang/VisionProject/devel/share/common-lisp/ros/vision/msg/_package_pub_goalomni.lisp)
Linked: (/home/ujang/VisionProject/devel/.private/vision/share/common-lisp/ros/vision/msg/_package_pub_robomni.lisp, /home/ujang/VisionProject/devel/share/common-lisp/ros/vision/msg/_package_pub_robomni.lisp)
Linked: (/home/ujang/VisionProject/devel/.private/vision/share/common-lisp/ros/vision/msg/vision-msg.asd, /home/ujang/VisionProject/devel/share/common-lisp/ros/vision/msg/vision-msg.asd)
Linked: (/home/ujang/VisionProject/devel/.private/vision/share/common-lisp/ros/vision/msg/_package_pub_ballomni.lisp, /home/ujang/VisionProject/devel/share/common-lisp/ros/vision/msg/_package_pub_ballomni.lisp)
Linked: (/home/ujang/VisionProject/devel/.private/vision/share/common-lisp/ros/vision/msg/pub_goalomni.lisp, /home/ujang/VisionProject/devel/share/common-lisp/ros/vision/msg/pub_goalomni.lisp)
Linked: (/home/ujang/VisionProject/devel/.private/vision/share/common-lisp/ros/vision/msg/pub_ballomni.lisp, /home/ujang/VisionProject/devel/share/common-lisp/ros/vision/msg/pub_ballomni.lisp)
Linked: (/home/ujang/VisionProject/devel/.private/vision/share/common-lisp/ros/vision/msg/_package.lisp, /home/ujang/VisionProject/devel/share/common-lisp/ros/vision/msg/_package.lisp)
Linked: (/home/ujang/VisionProject/devel/.private/vision/share/roseus/ros/vision/manifest.l, /home/ujang/VisionProject/devel/share/roseus/ros/vision/manifest.l)
Linked: (/home/ujang/VisionProject/devel/.private/vision/share/roseus/ros/vision/msg/pub_robomni.l, /home/ujang/VisionProject/devel/share/roseus/ros/vision/msg/pub_robomni.l)
Linked: (/home/ujang/VisionProject/devel/.private/vision/share/roseus/ros/vision/msg/pub_correction.l, /home/ujang/VisionProject/devel/share/roseus/ros/vision/msg/pub_correction.l)
Linked: (/home/ujang/VisionProject/devel/.private/vision/share/roseus/ros/vision/msg/pub_goalomni.l, /home/ujang/VisionProject/devel/share/roseus/ros/vision/msg/pub_goalomni.l)
Linked: (/home/ujang/VisionProject/devel/.private/vision/share/roseus/ros/vision/msg/pub_ballomni.l, /home/ujang/VisionProject/devel/share/roseus/ros/vision/msg/pub_ballomni.l)
Linked: (/home/ujang/VisionProject/devel/.private/vision/share/gennodejs/ros/vision/_index.js, /home/ujang/VisionProject/devel/share/gennodejs/ros/vision/_index.js)
Linked: (/home/ujang/VisionProject/devel/.private/vision/share/gennodejs/ros/vision/msg/pub_ballomni.js, /home/ujang/VisionProject/devel/share/gennodejs/ros/vision/msg/pub_ballomni.js)
Linked: (/home/ujang/VisionProject/devel/.private/vision/share/gennodejs/ros/vision/msg/pub_goalomni.js, /home/ujang/VisionProject/devel/share/gennodejs/ros/vision/msg/pub_goalomni.js)
Linked: (/home/ujang/VisionProject/devel/.private/vision/share/gennodejs/ros/vision/msg/_index.js, /home/ujang/VisionProject/devel/share/gennodejs/ros/vision/msg/_index.js)
Linked: (/home/ujang/VisionProject/devel/.private/vision/share/gennodejs/ros/vision/msg/pub_robomni.js, /home/ujang/VisionProject/devel/share/gennodejs/ros/vision/msg/pub_robomni.js)
Linked: (/home/ujang/VisionProject/devel/.private/vision/share/gennodejs/ros/vision/msg/pub_correction.js, /home/ujang/VisionProject/devel/share/gennodejs/ros/vision/msg/pub_correction.js)
Linked: (/home/ujang/VisionProject/devel/.private/vision/share/vision/cmake/visionConfig.cmake, /home/ujang/VisionProject/devel/share/vision/cmake/visionConfig.cmake)
Linked: (/home/ujang/VisionProject/devel/.private/vision/share/vision/cmake/visionConfig-version.cmake, /home/ujang/VisionProject/devel/share/vision/cmake/visionConfig-version.cmake)
Linked: (/home/ujang/VisionProject/devel/.private/vision/share/vision/cmake/vision-msg-extras.cmake, /home/ujang/VisionProject/devel/share/vision/cmake/vision-msg-extras.cmake)
Linked: (/home/ujang/VisionProject/devel/.private/vision/share/vision/cmake/vision-msg-paths.cmake, /home/ujang/VisionProject/devel/share/vision/cmake/vision-msg-paths.cmake)
Linked: (/home/ujang/VisionProject/devel/.private/vision/include/vision/pub_goalomni.h, /home/ujang/VisionProject/devel/include/vision/pub_goalomni.h)
Linked: (/home/ujang/VisionProject/devel/.private/vision/include/vision/pub_correction.h, /home/ujang/VisionProject/devel/include/vision/pub_correction.h)
Linked: (/home/ujang/VisionProject/devel/.private/vision/include/vision/pub_ballomni.h, /home/ujang/VisionProject/devel/include/vision/pub_ballomni.h)
Linked: (/home/ujang/VisionProject/devel/.private/vision/include/vision/pub_robomni.h, /home/ujang/VisionProject/devel/include/vision/pub_robomni.h)
Linked: (/home/ujang/VisionProject/devel/.private/vision/lib/python2.7/dist-packages/vision/__init__.py, /home/ujang/VisionProject/devel/lib/python2.7/dist-packages/vision/__init__.py)
Linked: (/home/ujang/VisionProject/devel/.private/vision/lib/python2.7/dist-packages/vision/msg/_pub_goalomni.py, /home/ujang/VisionProject/devel/lib/python2.7/dist-packages/vision/msg/_pub_goalomni.py)
Linked: (/home/ujang/VisionProject/devel/.private/vision/lib/python2.7/dist-packages/vision/msg/_pub_ballomni.py, /home/ujang/VisionProject/devel/lib/python2.7/dist-packages/vision/msg/_pub_ballomni.py)
Linked: (/home/ujang/VisionProject/devel/.private/vision/lib/python2.7/dist-packages/vision/msg/__init__.py, /home/ujang/VisionProject/devel/lib/python2.7/dist-packages/vision/msg/__init__.py)
Linked: (/home/ujang/VisionProject/devel/.private/vision/lib/python2.7/dist-packages/vision/msg/_pub_robomni.py, /home/ujang/VisionProject/devel/lib/python2.7/dist-packages/vision/msg/_pub_robomni.py)
Linked: (/home/ujang/VisionProject/devel/.private/vision/lib/python2.7/dist-packages/vision/msg/_pub_correction.py, /home/ujang/VisionProject/devel/lib/python2.7/dist-packages/vision/msg/_pub_correction.py)
Linked: (/home/ujang/VisionProject/devel/.private/vision/lib/pkgconfig/vision.pc, /home/ujang/VisionProject/devel/lib/pkgconfig/vision.pc)
Linked: (/home/ujang/VisionProject/devel/.private/vision/lib/vision/detection_node, /home/ujang/VisionProject/devel/lib/vision/detection_node)
Linked: (/home/ujang/VisionProject/devel/.private/vision/lib/vision/publisher_node, /home/ujang/VisionProject/devel/lib/vision/publisher_node)
Linked: (/home/ujang/VisionProject/devel/.private/vision/lib/vision/subscribe_node, /home/ujang/VisionProject/devel/lib/vision/subscribe_node)
